<?xml version="1.0" encoding="UTF-8"?>
<testsuite xmlns:xsi="http://www.w3.org/2001/XMLSchema-instance" xsi:noNamespaceSchemaLocation="https://maven.apache.org/surefire/maven-surefire-plugin/xsd/surefire-test-report-3.0.xsd" version="3.0" name="com.gmc_team.e_commerse_platform.ECommersePlatformApplicationTests" time="16.28" tests="1" errors="0" skipped="0" failures="0">
  <properties>
[...]
</properties>
  <testcase name="contextLoads" classname="com.gmc_team.e_commerse_platform.ECommersePlatformApplicationTests" time="0.931">
    <system-out><![CDATA[19:50:37.122 [main] INFO org.springframework.test.context.support.AnnotationConfigContextLoaderUtils -- Could not detect default configuration classes for test class [com.gmc_team.e_commerse_platform.ECommersePlatformApplicationTests]: ECommersePlatformApplicationTests does not declare any static, non-private, non-final, nested classes annotated with @Configuration.
19:50:37.565 [main] INFO org.springframework.boot.test.context.SpringBootTestContextBootstrapper -- Found @SpringBootConfiguration com.gmc_team.e_commerse_platform.ECommersePlatformApplication for test class com.gmc_team.e_commerse_platform.ECommersePlatformApplicationTests

  .   ____          _            __ _ _
 /\\ / ___'_ __ _ _(_)_ __  __ _ \ \ \ \
( ( )\___ | '_ | '_| | '_ \/ _` | \ \ \ \
 \\/  ___)| |_)| | | | | || (_| |  ) ) ) )
  '  |____| .__|_| |_|_| |_\__, | / / / /
 =========|_|==============|___/=/_/_/_/
 :: Spring Boot ::                (v3.1.4)

2023-10-09T19:50:38.688+01:00  INFO 20388 --- [           main] c.g.e.ECommersePlatformApplicationTests  : Starting ECommersePlatformApplicationTests using Java 19.0.1 with PID 20388 (started by n in D:\IntelliJ work space\E_Commerse_platform)
2023-10-09T19:50:38.690+01:00  INFO 20388 --- [           main] c.g.e.ECommersePlatformApplicationTests  : No active profile set, falling back to 1 default profile: "default"
2023-10-09T19:50:40.938+01:00  INFO 20388 --- [           main] .s.d.r.c.RepositoryConfigurationDelegate : Bootstrapping Spring Data JPA repositories in DEFAULT mode.
2023-10-09T19:50:41.502+01:00  INFO 20388 --- [           main] .s.d.r.c.RepositoryConfigurationDelegate : Finished Spring Data repository scanning in 549 ms. Found 36 JPA repository interfaces.
2023-10-09T19:50:42.501+01:00  INFO 20388 --- [           main] o.hibernate.jpa.internal.util.LogHelper  : HHH000204: Processing PersistenceUnitInfo [name: default]
2023-10-09T19:50:42.620+01:00  INFO 20388 --- [           main] org.hibernate.Version                    : HHH000412: Hibernate ORM core version 6.2.9.Final
2023-10-09T19:50:42.625+01:00  INFO 20388 --- [           main] org.hibernate.cfg.Environment            : HHH000406: Using bytecode reflection optimizer
2023-10-09T19:50:42.987+01:00  INFO 20388 --- [           main] o.h.b.i.BytecodeProviderInitiator        : HHH000021: Bytecode provider name : bytebuddy
2023-10-09T19:50:43.262+01:00  INFO 20388 --- [           main] o.s.o.j.p.SpringPersistenceUnitInfo      : No LoadTimeWeaver setup: ignoring JPA class transformer
2023-10-09T19:50:43.289+01:00  INFO 20388 --- [           main] com.zaxxer.hikari.HikariDataSource       : HikariPool-1 - Starting...
2023-10-09T19:50:43.847+01:00  INFO 20388 --- [           main] com.zaxxer.hikari.pool.HikariPool        : HikariPool-1 - Added connection com.mysql.cj.jdbc.ConnectionImpl@3b7b0b57
2023-10-09T19:50:43.850+01:00  INFO 20388 --- [           main] com.zaxxer.hikari.HikariDataSource       : HikariPool-1 - Start completed.
2023-10-09T19:50:43.931+01:00  WARN 20388 --- [           main] org.hibernate.orm.deprecation            : HHH90000026: MySQL8Dialect has been deprecated; use org.hibernate.dialect.MySQLDialect instead
2023-10-09T19:50:44.960+01:00  INFO 20388 --- [           main] o.h.b.i.BytecodeProviderInitiator        : HHH000021: Bytecode provider name : bytebuddy
2023-10-09T19:50:47.178+01:00  INFO 20388 --- [           main] o.h.e.t.j.p.i.JtaPlatformInitiator       : HHH000490: Using JtaPlatform implementation: [org.hibernate.engine.transaction.jta.platform.internal.NoJtaPlatform]
2023-10-09T19:50:48.015+01:00  INFO 20388 --- [           main] j.LocalContainerEntityManagerFactoryBean : Initialized JPA EntityManagerFactory for persistence unit 'default'
2023-10-09T19:50:50.844+01:00  WARN 20388 --- [           main] JpaBaseConfiguration$JpaWebConfiguration : spring.jpa.open-in-view is enabled by default. Therefore, database queries may be performed during view rendering. Explicitly configure spring.jpa.open-in-view to disable this warning
2023-10-09T19:50:51.888+01:00  INFO 20388 --- [           main] c.g.e.ECommersePlatformApplicationTests  : Started ECommersePlatformApplicationTests in 13.779 seconds (process running for 16.815)
]]></system-out>
  </testcase>
</testsuite>